<?xml version="1.0" encoding="UTF-8"?>
<TestRun id="360008ad-b806-4bdd-83ce-b25fcb359350" name="Administrator@WIN-RNMUH95F9U1 2011-08-14 07:38:39" runUser="WIN-RNMUH95F9U1\Administrator" xmlns="http://microsoft.com/schemas/VisualStudio/TeamTest/2010">
  <TestSettings name="Local" id="1ddb4cbd-2c91-4264-b717-275efc45f586">
    <Description>These are default test settings for a local test run.</Description>
    <Deployment runDeploymentRoot="Administrator_WIN-RNMUH95F9U1 2011-08-14 07_38_39">
      <DeploymentItem filename="Common.Services.Fax\bin\Debug\Common.Services.Fax.dll" />
      <DeploymentItem filename="Common.Services.Fax.Interfaces\Validation\FaxRequestType\PreProcess\FaxValidation.xsd" />
      <DeploymentItem filename="C:\Projects\Urbana\Common\Common.Services.Payment.Interfaces\bin\Debug\Common.Services.Payment.Interfaces.dll" />
      <DeploymentItem filename="C:\Projects\Urbana\Common\Common.Testing\bin\Debug\Common.Testing.dll" />
      <DeploymentItem filename="C:\Program Files (x86)\Microsoft Enterprise Library 5.0\Bin\Microsoft.Practices.EnterpriseLibrary.Logging.dll" />
      <DeploymentItem filename="C:\Program Files (x86)\Microsoft Unity Application Block 2.0\Bin\Microsoft.Practices.Unity.Interception.Configuration.dll" />
      <DeploymentItem filename="Common.Workflows.Activities.Tests\Resources\" />
      <DeploymentItem filename="C:\Program Files (x86)\Microsoft Enterprise Library 5.0\Bin\Microsoft.Practices.EnterpriseLibrary.PolicyInjection.dll" />
      <DeploymentItem filename="C:\Program Files (x86)\Microsoft Unity Application Block 2.0\Bin\Microsoft.Practices.Unity.Configuration.dll" />
      <DeploymentItem filename="C:\Projects\Urbana\Common\Common.Services.Payment\bin\Debug\Common.Services.Payment.dll" />
      <DeploymentItem filename="C:\Program Files (x86)\Microsoft Unity Application Block 2.0\Bin\Microsoft.Practices.Unity.dll" />
      <DeploymentItem filename="C:\Program Files (x86)\Microsoft Unity Application Block 2.0\Bin\Microsoft.Practices.ServiceLocation.dll" />
      <DeploymentItem filename="C:\Program Files (x86)\Microsoft Unity Application Block 2.0\Bin\Microsoft.Practices.Unity.Interception.dll" />
      <DeploymentItem filename="Common.Services.Fax.Interfaces\Validation\FaxRequestType\PreProcess\FaxValidation2.xsd" />
      <DeploymentItem filename="Common.Services.Fax.Interfaces\Validation\FaxRequestType\" />
      <DeploymentItem filename="C:\Projects\Urbana\Common\Common.Utils\bin\Debug\Common.Utils.dll" />
      <DeploymentItem filename="Common.IO.Tests\Resources\" />
      <DeploymentItem filename="Common.Workflows.Activities.Tests\Resources\Placeholder.txt" />
      <DeploymentItem filename="Common.Services.Fax.Interfaces\Validation\FaxRequestType\PreProcess\FaxValidation1.xsd" />
      <DeploymentItem filename="Common.Services.Fax.Interfaces\Validation\FaxRequestType\PreProcess\" />
      <DeploymentItem filename="C:\Program Files (x86)\Microsoft Enterprise Library 5.0\Bin\Microsoft.Practices.EnterpriseLibrary.Common.dll" />
      <DeploymentItem filename="C:\Projects\Urbana\Common\Common.Types\bin\Debug\Common.Types.dll" />
      <DeploymentItem filename="Common.Services.Payment.Tests\Resources\" />
      <DeploymentItem filename="Common.Services.Fax.Tests\TestResources\" />
    </Deployment>
    <Execution>
      <TestTypeSpecific>
        <UnitTestRunConfig testTypeId="13cdc9d9-ddb5-4fa4-a97d-d965ccfc6d4b">
          <AssemblyResolution>
            <TestDirectory useLoadContext="true" />
          </AssemblyResolution>
        </UnitTestRunConfig>
        <WebTestRunConfiguration testTypeId="4e7599fa-5ecb-43e9-a887-cd63cf72d207">
          <Browser name="Internet Explorer 7.0">
            <Headers>
              <Header name="User-Agent" value="Mozilla/4.0 (compatible; MSIE 7.0; Windows NT 5.1)" />
              <Header name="Accept" value="*/*" />
              <Header name="Accept-Language" value="{{$IEAcceptLanguage}}" />
              <Header name="Accept-Encoding" value="GZIP" />
            </Headers>
          </Browser>
        </WebTestRunConfiguration>
      </TestTypeSpecific>
      <AgentRule name="LocalMachineDefaultRole">
      </AgentRule>
    </Execution>
  </TestSettings>
  <Times creation="2011-08-14T07:38:39.2663906-04:00" queuing="2011-08-14T07:38:40.4392421-04:00" start="2011-08-14T07:38:40.4538906-04:00" finish="2011-08-14T07:38:40.9509609-04:00" />
  <ResultSummary outcome="Failed">
    <Counters total="8" executed="8" error="0" failed="8" timeout="0" aborted="0" inconclusive="0" passedButRunAborted="0" notRunnable="0" notExecuted="0" disconnected="0" warning="0" passed="0" completed="0" inProgress="0" pending="0" />
    <RunInfos>
      <RunInfo computerName="WIN-RNMUH95F9U1" outcome="Warning" timestamp="2011-08-14T07:38:40.4167812-04:00">
        <Text>Warning: conflict during test run deployment: deployment item 'Common.IO.Tests\Resources\' specified by the test settings cannot be deployed to 'Placeholder.txt' because otherwise the file 'C:\Projects\Urbana\Common\Common.IO.Tests\Resources\Placeholder.txt' would overwrite deployment item 'Common.Workflows.Activities.Tests\Resources\' specified by the test settings.</Text>
      </RunInfo>
    </RunInfos>
  </ResultSummary>
  <TestDefinitions>
    <UnitTest name="AuthorizeTest_WhenDuplicate_CheckResponseStillOk" storage="c:\projects\urbana\common\common.services.payment.tests\bin\debug\common.services.payment.tests.dll" id="e2d077a5-2dbb-f972-5303-f04d4c874234">
      <Execution id="9096e2b2-a25a-47ab-98cc-c1fc41502576" />
      <TestMethod codeBase="C:/Projects/Urbana/Common/Common.Services.Payment.Tests/bin/Debug/Common.Services.Payment.Tests.DLL" adapterTypeName="Microsoft.VisualStudio.TestTools.TestTypes.Unit.UnitTestAdapter, Microsoft.VisualStudio.QualityTools.Tips.UnitTest.Adapter, Version=10.0.0.0, Culture=neutral, PublicKeyToken=b03f5f7f11d50a3a" className="Common.Services.Payment.Tests.Gateways.AuthorizeNet.AuthorizeNetCIMCreditCardGatewayTest, Common.Services.Payment.Tests, Version=1.0.0.0, Culture=neutral, PublicKeyToken=null" name="AuthorizeTest_WhenDuplicate_CheckResponseStillOk" />
    </UnitTest>
    <UnitTest name="GetCustomerProfileTest_WhenProfileExists_AssertProfileIdsMatch" storage="c:\projects\urbana\common\common.services.payment.tests\bin\debug\common.services.payment.tests.dll" id="2632879d-831e-a597-cc1f-72206b206ef7">
      <Execution id="aabf41bc-76cc-460d-ae93-ab0bb974ac2d" />
      <TestMethod codeBase="C:/Projects/Urbana/Common/Common.Services.Payment.Tests/bin/Debug/Common.Services.Payment.Tests.DLL" adapterTypeName="Microsoft.VisualStudio.TestTools.TestTypes.Unit.UnitTestAdapter, Microsoft.VisualStudio.QualityTools.Tips.UnitTest.Adapter, Version=10.0.0.0, Culture=neutral, PublicKeyToken=b03f5f7f11d50a3a" className="Common.Services.Payment.Tests.Gateways.AuthorizeNet.AuthorizeNetCIMCreditCardGatewayTest, Common.Services.Payment.Tests, Version=1.0.0.0, Culture=neutral, PublicKeyToken=null" name="GetCustomerProfileTest_WhenProfileExists_AssertProfileIdsMatch" />
    </UnitTest>
    <UnitTest name="AuthorizeTest_WhenValidData_CheckResultIsTrue" storage="c:\projects\urbana\common\common.services.payment.tests\bin\debug\common.services.payment.tests.dll" id="84e670af-5682-ef51-3af4-74679c65ea20">
      <Execution id="f8cc360e-ab14-45a8-a819-978df8eb627a" />
      <TestMethod codeBase="C:/Projects/Urbana/Common/Common.Services.Payment.Tests/bin/Debug/Common.Services.Payment.Tests.DLL" adapterTypeName="Microsoft.VisualStudio.TestTools.TestTypes.Unit.UnitTestAdapter, Microsoft.VisualStudio.QualityTools.Tips.UnitTest.Adapter, Version=10.0.0.0, Culture=neutral, PublicKeyToken=b03f5f7f11d50a3a" className="Common.Services.Payment.Tests.Gateways.AuthorizeNet.AuthorizeNetCIMCreditCardGatewayTest, Common.Services.Payment.Tests, Version=1.0.0.0, Culture=neutral, PublicKeyToken=null" name="AuthorizeTest_WhenValidData_CheckResultIsTrue" />
    </UnitTest>
    <UnitTest name="AuthorizeTest_WhenValidData_CheckTransactionResultMessageCountGreaterThanZero" storage="c:\projects\urbana\common\common.services.payment.tests\bin\debug\common.services.payment.tests.dll" id="72288aec-fdbb-3487-dd83-73610742294c">
      <Execution id="64f8cf87-238e-476a-9400-21cffd7d932a" />
      <TestMethod codeBase="C:/Projects/Urbana/Common/Common.Services.Payment.Tests/bin/Debug/Common.Services.Payment.Tests.DLL" adapterTypeName="Microsoft.VisualStudio.TestTools.TestTypes.Unit.UnitTestAdapter, Microsoft.VisualStudio.QualityTools.Tips.UnitTest.Adapter, Version=10.0.0.0, Culture=neutral, PublicKeyToken=b03f5f7f11d50a3a" className="Common.Services.Payment.Tests.Gateways.AuthorizeNet.AuthorizeNetCIMCreditCardGatewayTest, Common.Services.Payment.Tests, Version=1.0.0.0, Culture=neutral, PublicKeyToken=null" name="AuthorizeTest_WhenValidData_CheckTransactionResultMessageCountGreaterThanZero" />
    </UnitTest>
    <UnitTest name="CreateProfileTest_AssertProfileResponseLengthGreaterThanZero" storage="c:\projects\urbana\common\common.services.payment.tests\bin\debug\common.services.payment.tests.dll" id="0705ff9e-52f3-1ce2-5315-c676fb913c0d">
      <Execution id="46cf0324-2218-4815-bff4-c16ad268819e" />
      <TestMethod codeBase="C:/Projects/Urbana/Common/Common.Services.Payment.Tests/bin/Debug/Common.Services.Payment.Tests.DLL" adapterTypeName="Microsoft.VisualStudio.TestTools.TestTypes.Unit.UnitTestAdapter, Microsoft.VisualStudio.QualityTools.Tips.UnitTest.Adapter, Version=10.0.0.0, Culture=neutral, PublicKeyToken=b03f5f7f11d50a3a" className="Common.Services.Payment.Tests.Gateways.AuthorizeNet.AuthorizeNetCIMCreditCardGatewayTest, Common.Services.Payment.Tests, Version=1.0.0.0, Culture=neutral, PublicKeyToken=null" name="CreateProfileTest_AssertProfileResponseLengthGreaterThanZero" />
    </UnitTest>
    <UnitTest name="RefundTest_WhenUsingRefundableTransaction_CheckTransactionResultMessageCountGreaterThanZero" storage="c:\projects\urbana\common\common.services.payment.tests\bin\debug\common.services.payment.tests.dll" id="1c274027-6d36-9fe3-5fb4-dd8ea95aa78a">
      <Execution id="e4efbf46-64f3-4ba9-a13e-a767dc4afda7" />
      <TestMethod codeBase="C:/Projects/Urbana/Common/Common.Services.Payment.Tests/bin/Debug/Common.Services.Payment.Tests.DLL" adapterTypeName="Microsoft.VisualStudio.TestTools.TestTypes.Unit.UnitTestAdapter, Microsoft.VisualStudio.QualityTools.Tips.UnitTest.Adapter, Version=10.0.0.0, Culture=neutral, PublicKeyToken=b03f5f7f11d50a3a" className="Common.Services.Payment.Tests.Gateways.AuthorizeNet.AuthorizeNetCIMCreditCardGatewayTest, Common.Services.Payment.Tests, Version=1.0.0.0, Culture=neutral, PublicKeyToken=null" name="RefundTest_WhenUsingRefundableTransaction_CheckTransactionResultMessageCountGreaterThanZero" />
    </UnitTest>
    <UnitTest name="RefundTest_WhenUsingRefundableTransaction_CheckResponseOk" storage="c:\projects\urbana\common\common.services.payment.tests\bin\debug\common.services.payment.tests.dll" id="c5663ff6-aea7-8a4a-097c-b53a5fd1037b">
      <Execution id="bc272e39-fcb2-4825-9d18-5e9e72e8f73f" />
      <TestMethod codeBase="C:/Projects/Urbana/Common/Common.Services.Payment.Tests/bin/Debug/Common.Services.Payment.Tests.DLL" adapterTypeName="Microsoft.VisualStudio.TestTools.TestTypes.Unit.UnitTestAdapter, Microsoft.VisualStudio.QualityTools.Tips.UnitTest.Adapter, Version=10.0.0.0, Culture=neutral, PublicKeyToken=b03f5f7f11d50a3a" className="Common.Services.Payment.Tests.Gateways.AuthorizeNet.AuthorizeNetCIMCreditCardGatewayTest, Common.Services.Payment.Tests, Version=1.0.0.0, Culture=neutral, PublicKeyToken=null" name="RefundTest_WhenUsingRefundableTransaction_CheckResponseOk" />
    </UnitTest>
    <UnitTest name="CreateSubscriptionTest_WhenValidData_CheckResultIsTrue" storage="c:\projects\urbana\common\common.services.payment.tests\bin\debug\common.services.payment.tests.dll" id="927df642-1e60-9e51-ec4b-7178b466f970">
      <Execution id="3215ae4a-df1c-4f4a-a3f4-338c35520ee8" />
      <TestMethod codeBase="C:/Projects/Urbana/Common/Common.Services.Payment.Tests/bin/Debug/Common.Services.Payment.Tests.DLL" adapterTypeName="Microsoft.VisualStudio.TestTools.TestTypes.Unit.UnitTestAdapter, Microsoft.VisualStudio.QualityTools.Tips.UnitTest.Adapter, Version=10.0.0.0, Culture=neutral, PublicKeyToken=b03f5f7f11d50a3a" className="Common.Services.Payment.Tests.Gateways.AuthorizeNet.AuthorizeNetCIMCreditCardGatewayTest, Common.Services.Payment.Tests, Version=1.0.0.0, Culture=neutral, PublicKeyToken=null" name="CreateSubscriptionTest_WhenValidData_CheckResultIsTrue" />
    </UnitTest>
  </TestDefinitions>
  <TestLists>
    <TestList name="Results Not in a List" id="8c84fa94-04c1-424b-9868-57a2d4851a1d" />
    <TestList name="All Loaded Results" id="19431567-8539-422a-85d7-44ee4e166bda" />
  </TestLists>
  <TestEntries>
    <TestEntry testId="0705ff9e-52f3-1ce2-5315-c676fb913c0d" executionId="46cf0324-2218-4815-bff4-c16ad268819e" testListId="8c84fa94-04c1-424b-9868-57a2d4851a1d" />
    <TestEntry testId="1c274027-6d36-9fe3-5fb4-dd8ea95aa78a" executionId="e4efbf46-64f3-4ba9-a13e-a767dc4afda7" testListId="8c84fa94-04c1-424b-9868-57a2d4851a1d" />
    <TestEntry testId="2632879d-831e-a597-cc1f-72206b206ef7" executionId="aabf41bc-76cc-460d-ae93-ab0bb974ac2d" testListId="8c84fa94-04c1-424b-9868-57a2d4851a1d" />
    <TestEntry testId="72288aec-fdbb-3487-dd83-73610742294c" executionId="64f8cf87-238e-476a-9400-21cffd7d932a" testListId="8c84fa94-04c1-424b-9868-57a2d4851a1d" />
    <TestEntry testId="84e670af-5682-ef51-3af4-74679c65ea20" executionId="f8cc360e-ab14-45a8-a819-978df8eb627a" testListId="8c84fa94-04c1-424b-9868-57a2d4851a1d" />
    <TestEntry testId="927df642-1e60-9e51-ec4b-7178b466f970" executionId="3215ae4a-df1c-4f4a-a3f4-338c35520ee8" testListId="8c84fa94-04c1-424b-9868-57a2d4851a1d" />
    <TestEntry testId="c5663ff6-aea7-8a4a-097c-b53a5fd1037b" executionId="bc272e39-fcb2-4825-9d18-5e9e72e8f73f" testListId="8c84fa94-04c1-424b-9868-57a2d4851a1d" />
    <TestEntry testId="e2d077a5-2dbb-f972-5303-f04d4c874234" executionId="9096e2b2-a25a-47ab-98cc-c1fc41502576" testListId="8c84fa94-04c1-424b-9868-57a2d4851a1d" />
  </TestEntries>
  <Results>
    <UnitTestResult executionId="46cf0324-2218-4815-bff4-c16ad268819e" testId="0705ff9e-52f3-1ce2-5315-c676fb913c0d" testName="CreateProfileTest_AssertProfileResponseLengthGreaterThanZero" computerName="WIN-RNMUH95F9U1" duration="00:00:00.0983404" startTime="2011-08-14T07:38:40.4568203-04:00" endTime="2011-08-14T07:38:40.8913906-04:00" testType="13cdc9d9-ddb5-4fa4-a97d-d965ccfc6d4b" outcome="Failed" testListId="8c84fa94-04c1-424b-9868-57a2d4851a1d" relativeResultsDirectory="46cf0324-2218-4815-bff4-c16ad268819e">
      <Output>
        <ErrorInfo>
          <Message>Test method Common.Services.Payment.Tests.Gateways.AuthorizeNet.AuthorizeNetCIMCreditCardGatewayTest.CreateProfileTest_AssertProfileResponseLengthGreaterThanZero threw exception: 
Microsoft.Practices.Unity.ResolutionFailedException: Resolution of the dependency failed, type = "Common.Services.Payment.Interfaces.ICreditCardGateway", name = "(none)".
Exception occurred while: while resolving.
Exception is: InvalidOperationException - The current type, Common.Services.Payment.Interfaces.ICreditCardGateway, is an interface and cannot be constructed. Are you missing a type mapping?
-----------------------------------------------
At the time of the exception, the container was:

  Resolving Common.Services.Payment.Interfaces.ICreditCardGateway,(none)
 ---&gt; System.InvalidOperationException: The current type, Common.Services.Payment.Interfaces.ICreditCardGateway, is an interface and cannot be constructed. Are you missing a type mapping?</Message>
          <StackTrace>    at Microsoft.Practices.ObjectBuilder2.DynamicMethodConstructorStrategy.ThrowForAttemptingToConstructInterface(IBuilderContext context) in e:\Builds\Unity\UnityTemp\Compile\Unity\Unity\Src\ObjectBuilder\Strategies\BuildPlan\DynamicMethod\Creation\DynamicMethodConstructorStrategy.cs:line 209
   at BuildUp_Common.Services.Payment.Interfaces.ICreditCardGateway(IBuilderContext )
   at Microsoft.Practices.ObjectBuilder2.DynamicMethodBuildPlan.BuildUp(IBuilderContext context) in e:\Builds\Unity\UnityTemp\Compile\Unity\Unity\Src\ObjectBuilder\Strategies\BuildPlan\DynamicMethod\DynamicMethodBuildPlan.cs:line 37
   at Microsoft.Practices.ObjectBuilder2.BuildPlanStrategy.PreBuildUp(IBuilderContext context) in e:\Builds\Unity\UnityTemp\Compile\Unity\Unity\Src\ObjectBuilder\Strategies\BuildPlan\BuildPlanStrategy.cs:line 43
   at Microsoft.Practices.ObjectBuilder2.StrategyChain.ExecuteBuildUp(IBuilderContext context) in e:\Builds\Unity\UnityTemp\Compile\Unity\Unity\Src\ObjectBuilder\Strategies\StrategyChain.cs:line 110
   at Microsoft.Practices.Unity.UnityContainer.DoBuildUp(Type t, Object existing, String name, IEnumerable`1 resolverOverrides) in e:\Builds\Unity\UnityTemp\Compile\Unity\Unity\Src\UnityContainer.cs:line 511
 --- End of inner exception stack trace ---
    at Microsoft.Practices.Unity.UnityContainer.DoBuildUp(Type t, Object existing, String name, IEnumerable`1 resolverOverrides) in e:\Builds\Unity\UnityTemp\Compile\Unity\Unity\Src\UnityContainer.cs:line 515
   at Microsoft.Practices.Unity.UnityContainer.Resolve(Type t, String name, ResolverOverride[] resolverOverrides) in e:\Builds\Unity\UnityTemp\Compile\Unity\Unity\Src\UnityContainer.cs:line 173
   at Microsoft.Practices.Unity.UnityContainerExtensions.Resolve[T](IUnityContainer container, ResolverOverride[] overrides) in e:\Builds\Unity\UnityTemp\Compile\Unity\Unity\Src\UnityContainerExtensions.cs:line 504
   at Common.Services.Payment.Tests.Gateways.AuthorizeNet.AuthorizeNetCIMCreditCardGatewayTest.Container.get_CreditCardGateway() in C:\Projects\Urbana\Common\Common.Services.Payment.Tests\Gateways\AuthorizeNet\AuthorizeNetCIMCreditCardGatewayTest.cs:line 58
   at Common.Services.Payment.Tests.Gateways.AuthorizeNet.AuthorizeNetCIMCreditCardGatewayTest.CreateProfile(IPaymentData data) in C:\Projects\Urbana\Common\Common.Services.Payment.Tests\Gateways\AuthorizeNet\AuthorizeNetCIMCreditCardGatewayTest.cs:line 181
   at Common.Services.Payment.Tests.Gateways.AuthorizeNet.AuthorizeNetCIMCreditCardGatewayTest.CreateProfileTest_AssertProfileResponseLengthGreaterThanZero() in C:\Projects\Urbana\Common\Common.Services.Payment.Tests\Gateways\AuthorizeNet\AuthorizeNetCIMCreditCardGatewayTest.cs:line 210
</StackTrace>
        </ErrorInfo>
      </Output>
    </UnitTestResult>
    <UnitTestResult executionId="e4efbf46-64f3-4ba9-a13e-a767dc4afda7" testId="1c274027-6d36-9fe3-5fb4-dd8ea95aa78a" testName="RefundTest_WhenUsingRefundableTransaction_CheckTransactionResultMessageCountGreaterThanZero" computerName="WIN-RNMUH95F9U1" duration="00:00:00.0021580" startTime="2011-08-14T07:38:40.8923671-04:00" endTime="2011-08-14T07:38:40.8982265-04:00" testType="13cdc9d9-ddb5-4fa4-a97d-d965ccfc6d4b" outcome="Failed" testListId="8c84fa94-04c1-424b-9868-57a2d4851a1d" relativeResultsDirectory="e4efbf46-64f3-4ba9-a13e-a767dc4afda7">
      <Output>
        <ErrorInfo>
          <Message>Test method Common.Services.Payment.Tests.Gateways.AuthorizeNet.AuthorizeNetCIMCreditCardGatewayTest.RefundTest_WhenUsingRefundableTransaction_CheckTransactionResultMessageCountGreaterThanZero threw exception: 
Microsoft.Practices.Unity.ResolutionFailedException: Resolution of the dependency failed, type = "Common.Services.Payment.Interfaces.ICreditCardGateway", name = "(none)".
Exception occurred while: while resolving.
Exception is: InvalidOperationException - The current type, Common.Services.Payment.Interfaces.ICreditCardGateway, is an interface and cannot be constructed. Are you missing a type mapping?
-----------------------------------------------
At the time of the exception, the container was:

  Resolving Common.Services.Payment.Interfaces.ICreditCardGateway,(none)
 ---&gt; System.InvalidOperationException: The current type, Common.Services.Payment.Interfaces.ICreditCardGateway, is an interface and cannot be constructed. Are you missing a type mapping?</Message>
          <StackTrace>    at Microsoft.Practices.ObjectBuilder2.DynamicMethodConstructorStrategy.ThrowForAttemptingToConstructInterface(IBuilderContext context) in e:\Builds\Unity\UnityTemp\Compile\Unity\Unity\Src\ObjectBuilder\Strategies\BuildPlan\DynamicMethod\Creation\DynamicMethodConstructorStrategy.cs:line 209
   at BuildUp_Common.Services.Payment.Interfaces.ICreditCardGateway(IBuilderContext )
   at Microsoft.Practices.ObjectBuilder2.DynamicMethodBuildPlan.BuildUp(IBuilderContext context) in e:\Builds\Unity\UnityTemp\Compile\Unity\Unity\Src\ObjectBuilder\Strategies\BuildPlan\DynamicMethod\DynamicMethodBuildPlan.cs:line 37
   at Microsoft.Practices.ObjectBuilder2.BuildPlanStrategy.PreBuildUp(IBuilderContext context) in e:\Builds\Unity\UnityTemp\Compile\Unity\Unity\Src\ObjectBuilder\Strategies\BuildPlan\BuildPlanStrategy.cs:line 43
   at Microsoft.Practices.ObjectBuilder2.StrategyChain.ExecuteBuildUp(IBuilderContext context) in e:\Builds\Unity\UnityTemp\Compile\Unity\Unity\Src\ObjectBuilder\Strategies\StrategyChain.cs:line 110
   at Microsoft.Practices.Unity.UnityContainer.DoBuildUp(Type t, Object existing, String name, IEnumerable`1 resolverOverrides) in e:\Builds\Unity\UnityTemp\Compile\Unity\Unity\Src\UnityContainer.cs:line 511
 --- End of inner exception stack trace ---
    at Microsoft.Practices.Unity.UnityContainer.DoBuildUp(Type t, Object existing, String name, IEnumerable`1 resolverOverrides) in e:\Builds\Unity\UnityTemp\Compile\Unity\Unity\Src\UnityContainer.cs:line 515
   at Microsoft.Practices.Unity.UnityContainer.Resolve(Type t, String name, ResolverOverride[] resolverOverrides) in e:\Builds\Unity\UnityTemp\Compile\Unity\Unity\Src\UnityContainer.cs:line 173
   at Microsoft.Practices.Unity.UnityContainerExtensions.Resolve[T](IUnityContainer container, ResolverOverride[] overrides) in e:\Builds\Unity\UnityTemp\Compile\Unity\Unity\Src\UnityContainerExtensions.cs:line 504
   at Common.Services.Payment.Tests.Gateways.AuthorizeNet.AuthorizeNetCIMCreditCardGatewayTest.Container.get_CreditCardGateway() in C:\Projects\Urbana\Common\Common.Services.Payment.Tests\Gateways\AuthorizeNet\AuthorizeNetCIMCreditCardGatewayTest.cs:line 58
   at Common.Services.Payment.Tests.Gateways.AuthorizeNet.AuthorizeNetCIMCreditCardGatewayTest.GetGateway() in C:\Projects\Urbana\Common\Common.Services.Payment.Tests\Gateways\AuthorizeNet\AuthorizeNetCIMCreditCardGatewayTest.cs:line 190
   at Common.Services.Payment.Tests.Gateways.AuthorizeNet.AuthorizeNetCIMCreditCardGatewayTest.RefundTest_WhenUsingRefundableTransaction_CheckTransactionResultMessageCountGreaterThanZero() in C:\Projects\Urbana\Common\Common.Services.Payment.Tests\Gateways\AuthorizeNet\AuthorizeNetCIMCreditCardGatewayTest.cs:line 269
</StackTrace>
        </ErrorInfo>
      </Output>
    </UnitTestResult>
    <UnitTestResult executionId="aabf41bc-76cc-460d-ae93-ab0bb974ac2d" testId="2632879d-831e-a597-cc1f-72206b206ef7" testName="GetCustomerProfileTest_WhenProfileExists_AssertProfileIdsMatch" computerName="WIN-RNMUH95F9U1" duration="00:00:00.0020980" startTime="2011-08-14T07:38:40.8992031-04:00" endTime="2011-08-14T07:38:40.9040859-04:00" testType="13cdc9d9-ddb5-4fa4-a97d-d965ccfc6d4b" outcome="Failed" testListId="8c84fa94-04c1-424b-9868-57a2d4851a1d" relativeResultsDirectory="aabf41bc-76cc-460d-ae93-ab0bb974ac2d">
      <Output>
        <ErrorInfo>
          <Message>Test method Common.Services.Payment.Tests.Gateways.AuthorizeNet.AuthorizeNetCIMCreditCardGatewayTest.GetCustomerProfileTest_WhenProfileExists_AssertProfileIdsMatch threw exception: 
Microsoft.Practices.Unity.ResolutionFailedException: Resolution of the dependency failed, type = "Common.Services.Payment.Interfaces.ICreditCardGateway", name = "(none)".
Exception occurred while: while resolving.
Exception is: InvalidOperationException - The current type, Common.Services.Payment.Interfaces.ICreditCardGateway, is an interface and cannot be constructed. Are you missing a type mapping?
-----------------------------------------------
At the time of the exception, the container was:

  Resolving Common.Services.Payment.Interfaces.ICreditCardGateway,(none)
 ---&gt; System.InvalidOperationException: The current type, Common.Services.Payment.Interfaces.ICreditCardGateway, is an interface and cannot be constructed. Are you missing a type mapping?</Message>
          <StackTrace>    at Microsoft.Practices.ObjectBuilder2.DynamicMethodConstructorStrategy.ThrowForAttemptingToConstructInterface(IBuilderContext context) in e:\Builds\Unity\UnityTemp\Compile\Unity\Unity\Src\ObjectBuilder\Strategies\BuildPlan\DynamicMethod\Creation\DynamicMethodConstructorStrategy.cs:line 209
   at BuildUp_Common.Services.Payment.Interfaces.ICreditCardGateway(IBuilderContext )
   at Microsoft.Practices.ObjectBuilder2.DynamicMethodBuildPlan.BuildUp(IBuilderContext context) in e:\Builds\Unity\UnityTemp\Compile\Unity\Unity\Src\ObjectBuilder\Strategies\BuildPlan\DynamicMethod\DynamicMethodBuildPlan.cs:line 37
   at Microsoft.Practices.ObjectBuilder2.BuildPlanStrategy.PreBuildUp(IBuilderContext context) in e:\Builds\Unity\UnityTemp\Compile\Unity\Unity\Src\ObjectBuilder\Strategies\BuildPlan\BuildPlanStrategy.cs:line 43
   at Microsoft.Practices.ObjectBuilder2.StrategyChain.ExecuteBuildUp(IBuilderContext context) in e:\Builds\Unity\UnityTemp\Compile\Unity\Unity\Src\ObjectBuilder\Strategies\StrategyChain.cs:line 110
   at Microsoft.Practices.Unity.UnityContainer.DoBuildUp(Type t, Object existing, String name, IEnumerable`1 resolverOverrides) in e:\Builds\Unity\UnityTemp\Compile\Unity\Unity\Src\UnityContainer.cs:line 511
 --- End of inner exception stack trace ---
    at Microsoft.Practices.Unity.UnityContainer.DoBuildUp(Type t, Object existing, String name, IEnumerable`1 resolverOverrides) in e:\Builds\Unity\UnityTemp\Compile\Unity\Unity\Src\UnityContainer.cs:line 515
   at Microsoft.Practices.Unity.UnityContainer.Resolve(Type t, String name, ResolverOverride[] resolverOverrides) in e:\Builds\Unity\UnityTemp\Compile\Unity\Unity\Src\UnityContainer.cs:line 173
   at Microsoft.Practices.Unity.UnityContainerExtensions.Resolve[T](IUnityContainer container, ResolverOverride[] overrides) in e:\Builds\Unity\UnityTemp\Compile\Unity\Unity\Src\UnityContainerExtensions.cs:line 504
   at Common.Services.Payment.Tests.Gateways.AuthorizeNet.AuthorizeNetCIMCreditCardGatewayTest.Container.get_CreditCardGateway() in C:\Projects\Urbana\Common\Common.Services.Payment.Tests\Gateways\AuthorizeNet\AuthorizeNetCIMCreditCardGatewayTest.cs:line 58
   at Common.Services.Payment.Tests.Gateways.AuthorizeNet.AuthorizeNetCIMCreditCardGatewayTest.CreateProfile(IPaymentData data) in C:\Projects\Urbana\Common\Common.Services.Payment.Tests\Gateways\AuthorizeNet\AuthorizeNetCIMCreditCardGatewayTest.cs:line 181
   at Common.Services.Payment.Tests.Gateways.AuthorizeNet.AuthorizeNetCIMCreditCardGatewayTest.GetCustomerProfileTest_WhenProfileExists_AssertProfileIdsMatch() in C:\Projects\Urbana\Common\Common.Services.Payment.Tests\Gateways\AuthorizeNet\AuthorizeNetCIMCreditCardGatewayTest.cs:line 218
</StackTrace>
        </ErrorInfo>
      </Output>
    </UnitTestResult>
    <UnitTestResult executionId="64f8cf87-238e-476a-9400-21cffd7d932a" testId="72288aec-fdbb-3487-dd83-73610742294c" testName="AuthorizeTest_WhenValidData_CheckTransactionResultMessageCountGreaterThanZero" computerName="WIN-RNMUH95F9U1" duration="00:00:00.0020823" startTime="2011-08-14T07:38:40.9050625-04:00" endTime="2011-08-14T07:38:40.9099453-04:00" testType="13cdc9d9-ddb5-4fa4-a97d-d965ccfc6d4b" outcome="Failed" testListId="8c84fa94-04c1-424b-9868-57a2d4851a1d" relativeResultsDirectory="64f8cf87-238e-476a-9400-21cffd7d932a">
      <Output>
        <ErrorInfo>
          <Message>Test method Common.Services.Payment.Tests.Gateways.AuthorizeNet.AuthorizeNetCIMCreditCardGatewayTest.AuthorizeTest_WhenValidData_CheckTransactionResultMessageCountGreaterThanZero threw exception: 
Microsoft.Practices.Unity.ResolutionFailedException: Resolution of the dependency failed, type = "Common.Services.Payment.Interfaces.ICreditCardGateway", name = "(none)".
Exception occurred while: while resolving.
Exception is: InvalidOperationException - The current type, Common.Services.Payment.Interfaces.ICreditCardGateway, is an interface and cannot be constructed. Are you missing a type mapping?
-----------------------------------------------
At the time of the exception, the container was:

  Resolving Common.Services.Payment.Interfaces.ICreditCardGateway,(none)
 ---&gt; System.InvalidOperationException: The current type, Common.Services.Payment.Interfaces.ICreditCardGateway, is an interface and cannot be constructed. Are you missing a type mapping?</Message>
          <StackTrace>    at Microsoft.Practices.ObjectBuilder2.DynamicMethodConstructorStrategy.ThrowForAttemptingToConstructInterface(IBuilderContext context) in e:\Builds\Unity\UnityTemp\Compile\Unity\Unity\Src\ObjectBuilder\Strategies\BuildPlan\DynamicMethod\Creation\DynamicMethodConstructorStrategy.cs:line 209
   at BuildUp_Common.Services.Payment.Interfaces.ICreditCardGateway(IBuilderContext )
   at Microsoft.Practices.ObjectBuilder2.DynamicMethodBuildPlan.BuildUp(IBuilderContext context) in e:\Builds\Unity\UnityTemp\Compile\Unity\Unity\Src\ObjectBuilder\Strategies\BuildPlan\DynamicMethod\DynamicMethodBuildPlan.cs:line 37
   at Microsoft.Practices.ObjectBuilder2.BuildPlanStrategy.PreBuildUp(IBuilderContext context) in e:\Builds\Unity\UnityTemp\Compile\Unity\Unity\Src\ObjectBuilder\Strategies\BuildPlan\BuildPlanStrategy.cs:line 43
   at Microsoft.Practices.ObjectBuilder2.StrategyChain.ExecuteBuildUp(IBuilderContext context) in e:\Builds\Unity\UnityTemp\Compile\Unity\Unity\Src\ObjectBuilder\Strategies\StrategyChain.cs:line 110
   at Microsoft.Practices.Unity.UnityContainer.DoBuildUp(Type t, Object existing, String name, IEnumerable`1 resolverOverrides) in e:\Builds\Unity\UnityTemp\Compile\Unity\Unity\Src\UnityContainer.cs:line 511
 --- End of inner exception stack trace ---
    at Microsoft.Practices.Unity.UnityContainer.DoBuildUp(Type t, Object existing, String name, IEnumerable`1 resolverOverrides) in e:\Builds\Unity\UnityTemp\Compile\Unity\Unity\Src\UnityContainer.cs:line 515
   at Microsoft.Practices.Unity.UnityContainer.Resolve(Type t, String name, ResolverOverride[] resolverOverrides) in e:\Builds\Unity\UnityTemp\Compile\Unity\Unity\Src\UnityContainer.cs:line 173
   at Microsoft.Practices.Unity.UnityContainerExtensions.Resolve[T](IUnityContainer container, ResolverOverride[] overrides) in e:\Builds\Unity\UnityTemp\Compile\Unity\Unity\Src\UnityContainerExtensions.cs:line 504
   at Common.Services.Payment.Tests.Gateways.AuthorizeNet.AuthorizeNetCIMCreditCardGatewayTest.Container.get_CreditCardGateway() in C:\Projects\Urbana\Common\Common.Services.Payment.Tests\Gateways\AuthorizeNet\AuthorizeNetCIMCreditCardGatewayTest.cs:line 58
   at Common.Services.Payment.Tests.Gateways.AuthorizeNet.AuthorizeNetCIMCreditCardGatewayTest.GetGateway() in C:\Projects\Urbana\Common\Common.Services.Payment.Tests\Gateways\AuthorizeNet\AuthorizeNetCIMCreditCardGatewayTest.cs:line 190
   at Common.Services.Payment.Tests.Gateways.AuthorizeNet.AuthorizeNetCIMCreditCardGatewayTest.AuthorizeTest_WhenValidData_CheckTransactionResultMessageCountGreaterThanZero() in C:\Projects\Urbana\Common\Common.Services.Payment.Tests\Gateways\AuthorizeNet\AuthorizeNetCIMCreditCardGatewayTest.cs:line 258
</StackTrace>
        </ErrorInfo>
      </Output>
    </UnitTestResult>
    <UnitTestResult executionId="f8cc360e-ab14-45a8-a819-978df8eb627a" testId="84e670af-5682-ef51-3af4-74679c65ea20" testName="AuthorizeTest_WhenValidData_CheckResultIsTrue" computerName="WIN-RNMUH95F9U1" duration="00:00:00.0026983" startTime="2011-08-14T07:38:40.9109218-04:00" endTime="2011-08-14T07:38:40.9187343-04:00" testType="13cdc9d9-ddb5-4fa4-a97d-d965ccfc6d4b" outcome="Failed" testListId="8c84fa94-04c1-424b-9868-57a2d4851a1d" relativeResultsDirectory="f8cc360e-ab14-45a8-a819-978df8eb627a">
      <Output>
        <ErrorInfo>
          <Message>Test method Common.Services.Payment.Tests.Gateways.AuthorizeNet.AuthorizeNetCIMCreditCardGatewayTest.AuthorizeTest_WhenValidData_CheckResultIsTrue threw exception: 
Microsoft.Practices.Unity.ResolutionFailedException: Resolution of the dependency failed, type = "Common.Services.Payment.Interfaces.ICreditCardGateway", name = "(none)".
Exception occurred while: while resolving.
Exception is: InvalidOperationException - The current type, Common.Services.Payment.Interfaces.ICreditCardGateway, is an interface and cannot be constructed. Are you missing a type mapping?
-----------------------------------------------
At the time of the exception, the container was:

  Resolving Common.Services.Payment.Interfaces.ICreditCardGateway,(none)
 ---&gt; System.InvalidOperationException: The current type, Common.Services.Payment.Interfaces.ICreditCardGateway, is an interface and cannot be constructed. Are you missing a type mapping?</Message>
          <StackTrace>    at Microsoft.Practices.ObjectBuilder2.DynamicMethodConstructorStrategy.ThrowForAttemptingToConstructInterface(IBuilderContext context) in e:\Builds\Unity\UnityTemp\Compile\Unity\Unity\Src\ObjectBuilder\Strategies\BuildPlan\DynamicMethod\Creation\DynamicMethodConstructorStrategy.cs:line 209
   at BuildUp_Common.Services.Payment.Interfaces.ICreditCardGateway(IBuilderContext )
   at Microsoft.Practices.ObjectBuilder2.DynamicMethodBuildPlan.BuildUp(IBuilderContext context) in e:\Builds\Unity\UnityTemp\Compile\Unity\Unity\Src\ObjectBuilder\Strategies\BuildPlan\DynamicMethod\DynamicMethodBuildPlan.cs:line 37
   at Microsoft.Practices.ObjectBuilder2.BuildPlanStrategy.PreBuildUp(IBuilderContext context) in e:\Builds\Unity\UnityTemp\Compile\Unity\Unity\Src\ObjectBuilder\Strategies\BuildPlan\BuildPlanStrategy.cs:line 43
   at Microsoft.Practices.ObjectBuilder2.StrategyChain.ExecuteBuildUp(IBuilderContext context) in e:\Builds\Unity\UnityTemp\Compile\Unity\Unity\Src\ObjectBuilder\Strategies\StrategyChain.cs:line 110
   at Microsoft.Practices.Unity.UnityContainer.DoBuildUp(Type t, Object existing, String name, IEnumerable`1 resolverOverrides) in e:\Builds\Unity\UnityTemp\Compile\Unity\Unity\Src\UnityContainer.cs:line 511
 --- End of inner exception stack trace ---
    at Microsoft.Practices.Unity.UnityContainer.DoBuildUp(Type t, Object existing, String name, IEnumerable`1 resolverOverrides) in e:\Builds\Unity\UnityTemp\Compile\Unity\Unity\Src\UnityContainer.cs:line 515
   at Microsoft.Practices.Unity.UnityContainer.Resolve(Type t, String name, ResolverOverride[] resolverOverrides) in e:\Builds\Unity\UnityTemp\Compile\Unity\Unity\Src\UnityContainer.cs:line 173
   at Microsoft.Practices.Unity.UnityContainerExtensions.Resolve[T](IUnityContainer container, ResolverOverride[] overrides) in e:\Builds\Unity\UnityTemp\Compile\Unity\Unity\Src\UnityContainerExtensions.cs:line 504
   at Common.Services.Payment.Tests.Gateways.AuthorizeNet.AuthorizeNetCIMCreditCardGatewayTest.Container.get_CreditCardGateway() in C:\Projects\Urbana\Common\Common.Services.Payment.Tests\Gateways\AuthorizeNet\AuthorizeNetCIMCreditCardGatewayTest.cs:line 58
   at Common.Services.Payment.Tests.Gateways.AuthorizeNet.AuthorizeNetCIMCreditCardGatewayTest.GetGateway() in C:\Projects\Urbana\Common\Common.Services.Payment.Tests\Gateways\AuthorizeNet\AuthorizeNetCIMCreditCardGatewayTest.cs:line 190
   at Common.Services.Payment.Tests.Gateways.AuthorizeNet.AuthorizeNetCIMCreditCardGatewayTest.AuthorizeTest_WhenValidData_CheckResultIsTrue() in C:\Projects\Urbana\Common\Common.Services.Payment.Tests\Gateways\AuthorizeNet\AuthorizeNetCIMCreditCardGatewayTest.cs:line 198
</StackTrace>
        </ErrorInfo>
      </Output>
    </UnitTestResult>
    <UnitTestResult executionId="3215ae4a-df1c-4f4a-a3f4-338c35520ee8" testId="927df642-1e60-9e51-ec4b-7178b466f970" testName="CreateSubscriptionTest_WhenValidData_CheckResultIsTrue" computerName="WIN-RNMUH95F9U1" duration="00:00:00.0023050" startTime="2011-08-14T07:38:40.9197109-04:00" endTime="2011-08-14T07:38:40.9245937-04:00" testType="13cdc9d9-ddb5-4fa4-a97d-d965ccfc6d4b" outcome="Failed" testListId="8c84fa94-04c1-424b-9868-57a2d4851a1d" relativeResultsDirectory="3215ae4a-df1c-4f4a-a3f4-338c35520ee8">
      <Output>
        <ErrorInfo>
          <Message>Test method Common.Services.Payment.Tests.Gateways.AuthorizeNet.AuthorizeNetCIMCreditCardGatewayTest.CreateSubscriptionTest_WhenValidData_CheckResultIsTrue threw exception: 
Microsoft.Practices.Unity.ResolutionFailedException: Resolution of the dependency failed, type = "Common.Services.Payment.Interfaces.ICreditCardGateway", name = "(none)".
Exception occurred while: while resolving.
Exception is: InvalidOperationException - The current type, Common.Services.Payment.Interfaces.ICreditCardGateway, is an interface and cannot be constructed. Are you missing a type mapping?
-----------------------------------------------
At the time of the exception, the container was:

  Resolving Common.Services.Payment.Interfaces.ICreditCardGateway,(none)
 ---&gt; System.InvalidOperationException: The current type, Common.Services.Payment.Interfaces.ICreditCardGateway, is an interface and cannot be constructed. Are you missing a type mapping?</Message>
          <StackTrace>    at Microsoft.Practices.ObjectBuilder2.DynamicMethodConstructorStrategy.ThrowForAttemptingToConstructInterface(IBuilderContext context) in e:\Builds\Unity\UnityTemp\Compile\Unity\Unity\Src\ObjectBuilder\Strategies\BuildPlan\DynamicMethod\Creation\DynamicMethodConstructorStrategy.cs:line 209
   at BuildUp_Common.Services.Payment.Interfaces.ICreditCardGateway(IBuilderContext )
   at Microsoft.Practices.ObjectBuilder2.DynamicMethodBuildPlan.BuildUp(IBuilderContext context) in e:\Builds\Unity\UnityTemp\Compile\Unity\Unity\Src\ObjectBuilder\Strategies\BuildPlan\DynamicMethod\DynamicMethodBuildPlan.cs:line 37
   at Microsoft.Practices.ObjectBuilder2.BuildPlanStrategy.PreBuildUp(IBuilderContext context) in e:\Builds\Unity\UnityTemp\Compile\Unity\Unity\Src\ObjectBuilder\Strategies\BuildPlan\BuildPlanStrategy.cs:line 43
   at Microsoft.Practices.ObjectBuilder2.StrategyChain.ExecuteBuildUp(IBuilderContext context) in e:\Builds\Unity\UnityTemp\Compile\Unity\Unity\Src\ObjectBuilder\Strategies\StrategyChain.cs:line 110
   at Microsoft.Practices.Unity.UnityContainer.DoBuildUp(Type t, Object existing, String name, IEnumerable`1 resolverOverrides) in e:\Builds\Unity\UnityTemp\Compile\Unity\Unity\Src\UnityContainer.cs:line 511
 --- End of inner exception stack trace ---
    at Microsoft.Practices.Unity.UnityContainer.DoBuildUp(Type t, Object existing, String name, IEnumerable`1 resolverOverrides) in e:\Builds\Unity\UnityTemp\Compile\Unity\Unity\Src\UnityContainer.cs:line 515
   at Microsoft.Practices.Unity.UnityContainer.Resolve(Type t, String name, ResolverOverride[] resolverOverrides) in e:\Builds\Unity\UnityTemp\Compile\Unity\Unity\Src\UnityContainer.cs:line 173
   at Microsoft.Practices.Unity.UnityContainerExtensions.Resolve[T](IUnityContainer container, ResolverOverride[] overrides) in e:\Builds\Unity\UnityTemp\Compile\Unity\Unity\Src\UnityContainerExtensions.cs:line 504
   at Common.Services.Payment.Tests.Gateways.AuthorizeNet.AuthorizeNetCIMCreditCardGatewayTest.Container.get_CreditCardGateway() in C:\Projects\Urbana\Common\Common.Services.Payment.Tests\Gateways\AuthorizeNet\AuthorizeNetCIMCreditCardGatewayTest.cs:line 58
   at Common.Services.Payment.Tests.Gateways.AuthorizeNet.AuthorizeNetCIMCreditCardGatewayTest.GetGateway() in C:\Projects\Urbana\Common\Common.Services.Payment.Tests\Gateways\AuthorizeNet\AuthorizeNetCIMCreditCardGatewayTest.cs:line 190
   at Common.Services.Payment.Tests.Gateways.AuthorizeNet.AuthorizeNetCIMCreditCardGatewayTest.CreateSubscriptionTest_WhenValidData_CheckResultIsTrue() in C:\Projects\Urbana\Common\Common.Services.Payment.Tests\Gateways\AuthorizeNet\AuthorizeNetCIMCreditCardGatewayTest.cs:line 280
</StackTrace>
        </ErrorInfo>
      </Output>
    </UnitTestResult>
    <UnitTestResult executionId="bc272e39-fcb2-4825-9d18-5e9e72e8f73f" testId="c5663ff6-aea7-8a4a-097c-b53a5fd1037b" testName="RefundTest_WhenUsingRefundableTransaction_CheckResponseOk" computerName="WIN-RNMUH95F9U1" duration="00:00:00.0018994" startTime="2011-08-14T07:38:40.9255703-04:00" endTime="2011-08-14T07:38:40.9304531-04:00" testType="13cdc9d9-ddb5-4fa4-a97d-d965ccfc6d4b" outcome="Failed" testListId="8c84fa94-04c1-424b-9868-57a2d4851a1d" relativeResultsDirectory="bc272e39-fcb2-4825-9d18-5e9e72e8f73f">
      <Output>
        <ErrorInfo>
          <Message>Test method Common.Services.Payment.Tests.Gateways.AuthorizeNet.AuthorizeNetCIMCreditCardGatewayTest.RefundTest_WhenUsingRefundableTransaction_CheckResponseOk threw exception: 
Microsoft.Practices.Unity.ResolutionFailedException: Resolution of the dependency failed, type = "Common.Services.Payment.Interfaces.ICreditCardGateway", name = "(none)".
Exception occurred while: while resolving.
Exception is: InvalidOperationException - The current type, Common.Services.Payment.Interfaces.ICreditCardGateway, is an interface and cannot be constructed. Are you missing a type mapping?
-----------------------------------------------
At the time of the exception, the container was:

  Resolving Common.Services.Payment.Interfaces.ICreditCardGateway,(none)
 ---&gt; System.InvalidOperationException: The current type, Common.Services.Payment.Interfaces.ICreditCardGateway, is an interface and cannot be constructed. Are you missing a type mapping?</Message>
          <StackTrace>    at Microsoft.Practices.ObjectBuilder2.DynamicMethodConstructorStrategy.ThrowForAttemptingToConstructInterface(IBuilderContext context) in e:\Builds\Unity\UnityTemp\Compile\Unity\Unity\Src\ObjectBuilder\Strategies\BuildPlan\DynamicMethod\Creation\DynamicMethodConstructorStrategy.cs:line 209
   at BuildUp_Common.Services.Payment.Interfaces.ICreditCardGateway(IBuilderContext )
   at Microsoft.Practices.ObjectBuilder2.DynamicMethodBuildPlan.BuildUp(IBuilderContext context) in e:\Builds\Unity\UnityTemp\Compile\Unity\Unity\Src\ObjectBuilder\Strategies\BuildPlan\DynamicMethod\DynamicMethodBuildPlan.cs:line 37
   at Microsoft.Practices.ObjectBuilder2.BuildPlanStrategy.PreBuildUp(IBuilderContext context) in e:\Builds\Unity\UnityTemp\Compile\Unity\Unity\Src\ObjectBuilder\Strategies\BuildPlan\BuildPlanStrategy.cs:line 43
   at Microsoft.Practices.ObjectBuilder2.StrategyChain.ExecuteBuildUp(IBuilderContext context) in e:\Builds\Unity\UnityTemp\Compile\Unity\Unity\Src\ObjectBuilder\Strategies\StrategyChain.cs:line 110
   at Microsoft.Practices.Unity.UnityContainer.DoBuildUp(Type t, Object existing, String name, IEnumerable`1 resolverOverrides) in e:\Builds\Unity\UnityTemp\Compile\Unity\Unity\Src\UnityContainer.cs:line 511
 --- End of inner exception stack trace ---
    at Microsoft.Practices.Unity.UnityContainer.DoBuildUp(Type t, Object existing, String name, IEnumerable`1 resolverOverrides) in e:\Builds\Unity\UnityTemp\Compile\Unity\Unity\Src\UnityContainer.cs:line 515
   at Microsoft.Practices.Unity.UnityContainer.Resolve(Type t, String name, ResolverOverride[] resolverOverrides) in e:\Builds\Unity\UnityTemp\Compile\Unity\Unity\Src\UnityContainer.cs:line 173
   at Microsoft.Practices.Unity.UnityContainerExtensions.Resolve[T](IUnityContainer container, ResolverOverride[] overrides) in e:\Builds\Unity\UnityTemp\Compile\Unity\Unity\Src\UnityContainerExtensions.cs:line 504
   at Common.Services.Payment.Tests.Gateways.AuthorizeNet.AuthorizeNetCIMCreditCardGatewayTest.Container.get_CreditCardGateway() in C:\Projects\Urbana\Common\Common.Services.Payment.Tests\Gateways\AuthorizeNet\AuthorizeNetCIMCreditCardGatewayTest.cs:line 58
   at Common.Services.Payment.Tests.Gateways.AuthorizeNet.AuthorizeNetCIMCreditCardGatewayTest.GetGateway() in C:\Projects\Urbana\Common\Common.Services.Payment.Tests\Gateways\AuthorizeNet\AuthorizeNetCIMCreditCardGatewayTest.cs:line 190
   at Common.Services.Payment.Tests.Gateways.AuthorizeNet.AuthorizeNetCIMCreditCardGatewayTest.RefundTest_WhenUsingRefundableTransaction_CheckResponseOk() in C:\Projects\Urbana\Common\Common.Services.Payment.Tests\Gateways\AuthorizeNet\AuthorizeNetCIMCreditCardGatewayTest.cs:line 247
</StackTrace>
        </ErrorInfo>
      </Output>
    </UnitTestResult>
    <UnitTestResult executionId="9096e2b2-a25a-47ab-98cc-c1fc41502576" testId="e2d077a5-2dbb-f972-5303-f04d4c874234" testName="AuthorizeTest_WhenDuplicate_CheckResponseStillOk" computerName="WIN-RNMUH95F9U1" duration="00:00:00.0022606" startTime="2011-08-14T07:38:40.9314296-04:00" endTime="2011-08-14T07:38:40.9353359-04:00" testType="13cdc9d9-ddb5-4fa4-a97d-d965ccfc6d4b" outcome="Failed" testListId="8c84fa94-04c1-424b-9868-57a2d4851a1d" relativeResultsDirectory="9096e2b2-a25a-47ab-98cc-c1fc41502576">
      <Output>
        <ErrorInfo>
          <Message>Test method Common.Services.Payment.Tests.Gateways.AuthorizeNet.AuthorizeNetCIMCreditCardGatewayTest.AuthorizeTest_WhenDuplicate_CheckResponseStillOk threw exception: 
Microsoft.Practices.Unity.ResolutionFailedException: Resolution of the dependency failed, type = "Common.Services.Payment.Interfaces.ICreditCardGateway", name = "(none)".
Exception occurred while: while resolving.
Exception is: InvalidOperationException - The current type, Common.Services.Payment.Interfaces.ICreditCardGateway, is an interface and cannot be constructed. Are you missing a type mapping?
-----------------------------------------------
At the time of the exception, the container was:

  Resolving Common.Services.Payment.Interfaces.ICreditCardGateway,(none)
 ---&gt; System.InvalidOperationException: The current type, Common.Services.Payment.Interfaces.ICreditCardGateway, is an interface and cannot be constructed. Are you missing a type mapping?</Message>
          <StackTrace>    at Microsoft.Practices.ObjectBuilder2.DynamicMethodConstructorStrategy.ThrowForAttemptingToConstructInterface(IBuilderContext context) in e:\Builds\Unity\UnityTemp\Compile\Unity\Unity\Src\ObjectBuilder\Strategies\BuildPlan\DynamicMethod\Creation\DynamicMethodConstructorStrategy.cs:line 209
   at BuildUp_Common.Services.Payment.Interfaces.ICreditCardGateway(IBuilderContext )
   at Microsoft.Practices.ObjectBuilder2.DynamicMethodBuildPlan.BuildUp(IBuilderContext context) in e:\Builds\Unity\UnityTemp\Compile\Unity\Unity\Src\ObjectBuilder\Strategies\BuildPlan\DynamicMethod\DynamicMethodBuildPlan.cs:line 37
   at Microsoft.Practices.ObjectBuilder2.BuildPlanStrategy.PreBuildUp(IBuilderContext context) in e:\Builds\Unity\UnityTemp\Compile\Unity\Unity\Src\ObjectBuilder\Strategies\BuildPlan\BuildPlanStrategy.cs:line 43
   at Microsoft.Practices.ObjectBuilder2.StrategyChain.ExecuteBuildUp(IBuilderContext context) in e:\Builds\Unity\UnityTemp\Compile\Unity\Unity\Src\ObjectBuilder\Strategies\StrategyChain.cs:line 110
   at Microsoft.Practices.Unity.UnityContainer.DoBuildUp(Type t, Object existing, String name, IEnumerable`1 resolverOverrides) in e:\Builds\Unity\UnityTemp\Compile\Unity\Unity\Src\UnityContainer.cs:line 511
 --- End of inner exception stack trace ---
    at Microsoft.Practices.Unity.UnityContainer.DoBuildUp(Type t, Object existing, String name, IEnumerable`1 resolverOverrides) in e:\Builds\Unity\UnityTemp\Compile\Unity\Unity\Src\UnityContainer.cs:line 515
   at Microsoft.Practices.Unity.UnityContainer.Resolve(Type t, String name, ResolverOverride[] resolverOverrides) in e:\Builds\Unity\UnityTemp\Compile\Unity\Unity\Src\UnityContainer.cs:line 173
   at Microsoft.Practices.Unity.UnityContainerExtensions.Resolve[T](IUnityContainer container, ResolverOverride[] overrides) in e:\Builds\Unity\UnityTemp\Compile\Unity\Unity\Src\UnityContainerExtensions.cs:line 504
   at Common.Services.Payment.Tests.Gateways.AuthorizeNet.AuthorizeNetCIMCreditCardGatewayTest.Container.get_CreditCardGateway() in C:\Projects\Urbana\Common\Common.Services.Payment.Tests\Gateways\AuthorizeNet\AuthorizeNetCIMCreditCardGatewayTest.cs:line 58
   at Common.Services.Payment.Tests.Gateways.AuthorizeNet.AuthorizeNetCIMCreditCardGatewayTest.GetGateway() in C:\Projects\Urbana\Common\Common.Services.Payment.Tests\Gateways\AuthorizeNet\AuthorizeNetCIMCreditCardGatewayTest.cs:line 190
   at Common.Services.Payment.Tests.Gateways.AuthorizeNet.AuthorizeNetCIMCreditCardGatewayTest.AuthorizeTest_WhenDuplicate_CheckResponseStillOk() in C:\Projects\Urbana\Common\Common.Services.Payment.Tests\Gateways\AuthorizeNet\AuthorizeNetCIMCreditCardGatewayTest.cs:line 229
</StackTrace>
        </ErrorInfo>
      </Output>
    </UnitTestResult>
  </Results>
</TestRun>