<?xml version="1.0" encoding="UTF-8"?>
<TestRun id="e6568aeb-af2d-471b-bc48-4bcb76876287" name="Administrator@WIN-RNMUH95F9U1 2011-08-06 10:10:49" runUser="WIN-RNMUH95F9U1\Administrator" xmlns="http://microsoft.com/schemas/VisualStudio/TeamTest/2010">
  <TestSettings name="Local" id="1ddb4cbd-2c91-4264-b717-275efc45f586">
    <Description>These are default test settings for a local test run.</Description>
    <Deployment userDeploymentRoot="C:\Projects\Urbana\Common\TestResults" useDefaultDeploymentRoot="false" runDeploymentRoot="Administrator_WIN-RNMUH95F9U1 2011-08-06 10_10_49">
      <DeploymentItem filename="Common.Services.Fax\bin\Debug\Common.Services.Fax.dll" />
      <DeploymentItem filename="Common.Services.Fax.Interfaces\Validation\FaxRequestType\PreProcess\FaxValidation.xsd" />
      <DeploymentItem filename="C:\Projects\Urbana\Common\Common.Testing\bin\Debug\Common.Testing.dll" />
      <DeploymentItem filename="C:\Program Files (x86)\Microsoft Enterprise Library 5.0\Bin\Microsoft.Practices.EnterpriseLibrary.Logging.dll" />
      <DeploymentItem filename="C:\Program Files (x86)\Microsoft Unity Application Block 2.0\Bin\Microsoft.Practices.Unity.Interception.Configuration.dll" />
      <DeploymentItem filename="Common.Workflows.Activities.Tests\Resources\" />
      <DeploymentItem filename="C:\Program Files (x86)\Microsoft Enterprise Library 5.0\Bin\Microsoft.Practices.EnterpriseLibrary.PolicyInjection.dll" />
      <DeploymentItem filename="C:\Program Files (x86)\Microsoft Unity Application Block 2.0\Bin\Microsoft.Practices.Unity.Configuration.dll" />
      <DeploymentItem filename="C:\Projects\Urbana\Common\Common.Services.Payment\bin\Debug\Common.Services.Payment.dll" />
      <DeploymentItem filename="C:\Program Files (x86)\Microsoft Unity Application Block 2.0\Bin\Microsoft.Practices.Unity.dll" />
      <DeploymentItem filename="C:\Program Files (x86)\Microsoft Unity Application Block 2.0\Bin\Microsoft.Practices.ServiceLocation.dll" />
      <DeploymentItem filename="C:\Program Files (x86)\Microsoft Unity Application Block 2.0\Bin\Microsoft.Practices.Unity.Interception.dll" />
      <DeploymentItem filename="Common.Services.Fax.Interfaces\Validation\FaxRequestType\PreProcess\" />
      <DeploymentItem filename="Common.Services.Fax.Interfaces\Validation\FaxRequestType\PreProcess\FaxValidation2.xsd" />
      <DeploymentItem filename="Common.Services.Fax.Interfaces\Validation\FaxRequestType\" />
      <DeploymentItem filename="C:\Projects\Urbana\Common\Common.Utils\bin\Debug\Common.Utils.dll" />
      <DeploymentItem filename="Common.IO.Tests\Resources\" />
      <DeploymentItem filename="Common.Workflows.Activities.Tests\Resources\Placeholder.txt" />
      <DeploymentItem filename="Common.Services.Fax.Interfaces\Validation\FaxRequestType\PreProcess\FaxValidation1.xsd" />
      <DeploymentItem filename="C:\Projects\Urbana\Common\Common.Services.Payment.Interfaces\bin\Debug\Common.Services.Payment.Interfaces.dll" />
      <DeploymentItem filename="C:\Program Files (x86)\Microsoft Enterprise Library 5.0\Bin\Microsoft.Practices.EnterpriseLibrary.Common.dll" />
      <DeploymentItem filename="C:\Projects\Urbana\Common\Common.Types\bin\Debug\Common.Types.dll" />
      <DeploymentItem filename="Common.Services.Payment.Tests\Resources\" />
      <DeploymentItem filename="Common.Services.Fax.Tests\TestResources\" />
    </Deployment>
    <Execution>
      <TestTypeSpecific>
        <UnitTestRunConfig testTypeId="13cdc9d9-ddb5-4fa4-a97d-d965ccfc6d4b">
          <AssemblyResolution>
            <TestDirectory useLoadContext="true" />
          </AssemblyResolution>
        </UnitTestRunConfig>
        <WebTestRunConfiguration testTypeId="4e7599fa-5ecb-43e9-a887-cd63cf72d207">
          <Browser name="Internet Explorer 7.0">
            <Headers>
              <Header name="User-Agent" value="Mozilla/4.0 (compatible; MSIE 7.0; Windows NT 5.1)" />
              <Header name="Accept" value="*/*" />
              <Header name="Accept-Language" value="{{$IEAcceptLanguage}}" />
              <Header name="Accept-Encoding" value="GZIP" />
            </Headers>
          </Browser>
        </WebTestRunConfiguration>
      </TestTypeSpecific>
      <AgentRule name="LocalMachineDefaultRole">
      </AgentRule>
    </Execution>
  </TestSettings>
  <Times creation="2011-08-06T10:10:49.3237890-04:00" queuing="2011-08-06T10:10:50.0112890-04:00" start="2011-08-06T10:10:50.0347265-04:00" finish="2011-08-06T10:10:50.6675390-04:00" />
  <ResultSummary outcome="Failed">
    <Counters total="1" executed="1" error="0" failed="1" timeout="0" aborted="0" inconclusive="0" passedButRunAborted="0" notRunnable="0" notExecuted="0" disconnected="0" warning="0" passed="0" completed="0" inProgress="0" pending="0" />
    <RunInfos>
      <RunInfo computerName="WIN-RNMUH95F9U1" outcome="Warning" timestamp="2011-08-06T10:10:49.9800390-04:00">
        <Text>Warning: conflict during test run deployment: deployment item 'Common.IO.Tests\Resources\' specified by the test settings cannot be deployed to 'Placeholder.txt' because otherwise the file 'C:\Projects\Urbana\Common\Common.IO.Tests\Resources\Placeholder.txt' would overwrite deployment item 'Common.Workflows.Activities.Tests\Resources\' specified by the test settings.</Text>
      </RunInfo>
    </RunInfos>
  </ResultSummary>
  <TestDefinitions>
    <UnitTest name="AuthorizeTest_WhenValidData_CheckResultIsTrue" storage="c:\projects\urbana\common\common.services.payment.tests\bin\debug\common.services.payment.tests.dll" id="84e670af-5682-ef51-3af4-74679c65ea20">
      <Execution id="da2f5896-8c1b-4d1b-87fc-002ecdf9d0d9" />
      <TestMethod codeBase="C:/Projects/Urbana/Common/Common.Services.Payment.Tests/bin/Debug/Common.Services.Payment.Tests.DLL" adapterTypeName="Microsoft.VisualStudio.TestTools.TestTypes.Unit.UnitTestAdapter, Microsoft.VisualStudio.QualityTools.Tips.UnitTest.Adapter, Version=10.0.0.0, Culture=neutral, PublicKeyToken=b03f5f7f11d50a3a" className="Common.Services.Payment.Tests.Gateways.AuthorizeNet.AuthorizeNetCIMCreditCardGatewayTest, Common.Services.Payment.Tests, Version=1.0.0.0, Culture=neutral, PublicKeyToken=null" name="AuthorizeTest_WhenValidData_CheckResultIsTrue" />
    </UnitTest>
  </TestDefinitions>
  <TestLists>
    <TestList name="Results Not in a List" id="8c84fa94-04c1-424b-9868-57a2d4851a1d" />
    <TestList name="All Loaded Results" id="19431567-8539-422a-85d7-44ee4e166bda" />
  </TestLists>
  <TestEntries>
    <TestEntry testId="84e670af-5682-ef51-3af4-74679c65ea20" executionId="da2f5896-8c1b-4d1b-87fc-002ecdf9d0d9" testListId="8c84fa94-04c1-424b-9868-57a2d4851a1d" />
  </TestEntries>
  <Results>
    <UnitTestResult executionId="da2f5896-8c1b-4d1b-87fc-002ecdf9d0d9" testId="84e670af-5682-ef51-3af4-74679c65ea20" testName="AuthorizeTest_WhenValidData_CheckResultIsTrue" computerName="WIN-RNMUH95F9U1" startTime="2011-08-06T10:10:50.0425390-04:00" endTime="2011-08-06T10:10:50.6441015-04:00" testType="13cdc9d9-ddb5-4fa4-a97d-d965ccfc6d4b" outcome="Failed" testListId="8c84fa94-04c1-424b-9868-57a2d4851a1d" relativeResultsDirectory="da2f5896-8c1b-4d1b-87fc-002ecdf9d0d9">
      <Output>
        <ErrorInfo>
          <Message>Class Initialization method Common.Services.Payment.Tests.Gateways.AuthorizeNet.AuthorizeNetCIMCreditCardGatewayTest.MyClassInitialize threw exception. System.InvalidOperationException: System.InvalidOperationException: The type name or alias ITransactionResultData could not be resolved. Please check your configuration file and verify this type name..</Message>
          <StackTrace>    at Microsoft.Practices.Unity.Configuration.ConfigurationHelpers.TypeResolverImpl.ResolveType(String typeNameOrAlias, Boolean throwIfResolveFails) in e:\Builds\Unity\UnityTemp\Compile\Unity\Unity.Configuration\Src\ConfigurationHelpers\TypeResolverImpl.cs:line 110
   at Microsoft.Practices.Unity.Configuration.RegisterElement.GetRegisteringType() in e:\Builds\Unity\UnityTemp\Compile\Unity\Unity.Configuration\Src\RegisterElement.cs:line 119
   at Microsoft.Practices.Unity.Configuration.RegisterElement.ConfigureContainer(IUnityContainer container) in e:\Builds\Unity\UnityTemp\Compile\Unity\Unity.Configuration\Src\RegisterElement.cs:line 0
   at Microsoft.Practices.Unity.Configuration.ContainerElement.&lt;&gt;c__DisplayClass1.&lt;ConfigureContainer&gt;b__0(ContainerConfiguringElement element) in e:\Builds\Unity\UnityTemp\Compile\Unity\Unity.Configuration\Src\ContainerElement.cs:line 114
   at Microsoft.Practices.ObjectBuilder2.EnumerableExtensions.ForEach[TItem](IEnumerable`1 sequence, Action`1 action) in e:\Builds\Unity\UnityTemp\Compile\Unity\Unity\Src\ObjectBuilder\Utility\EnumerableExtensions.cs:line 36
   at Microsoft.Practices.Unity.Configuration.ContainerElement.ConfigureContainer(IUnityContainer container) in e:\Builds\Unity\UnityTemp\Compile\Unity\Unity.Configuration\Src\ContainerElement.cs:line 110
   at Microsoft.Practices.Unity.Configuration.UnityConfigurationSection.Configure(IUnityContainer container, String configuredContainerName) in e:\Builds\Unity\UnityTemp\Compile\Unity\Unity.Configuration\Src\UnityConfigurationSection.cs:line 151
   at Microsoft.Practices.Unity.Configuration.UnityContainerExtensions.LoadConfiguration(IUnityContainer container, UnityConfigurationSection section, String containerName) in e:\Builds\Unity\UnityTemp\Compile\Unity\Unity.Configuration\Src\UnityContainerExtensions.cs:line 35
   at Microsoft.Practices.Unity.Configuration.UnityContainerExtensions.LoadConfiguration(IUnityContainer container) in e:\Builds\Unity\UnityTemp\Compile\Unity\Unity.Configuration\Src\UnityContainerExtensions.cs:line 63
   at Common.Services.Payment.Tests.Gateways.AuthorizeNet.AuthorizeNetCIMCreditCardGatewayTest.Container..ctor() in C:\Projects\Urbana\Common\Common.Services.Payment.Tests\Gateways\AuthorizeNet\AuthorizeNetCIMCreditCardGatewayTest.cs:line 24
   at Common.Services.Payment.Tests.Gateways.AuthorizeNet.AuthorizeNetCIMCreditCardGatewayTest.Container.get_Instance() in C:\Projects\Urbana\Common\Common.Services.Payment.Tests\Gateways\AuthorizeNet\AuthorizeNetCIMCreditCardGatewayTest.cs:line 32
   at Common.Services.Payment.Tests.Gateways.AuthorizeNet.AuthorizeNetCIMCreditCardGatewayTest.MyClassInitialize(TestContext testContext) in C:\Projects\Urbana\Common\Common.Services.Payment.Tests\Gateways\AuthorizeNet\AuthorizeNetCIMCreditCardGatewayTest.cs:line 108
</StackTrace>
        </ErrorInfo>
      </Output>
    </UnitTestResult>
  </Results>
</TestRun>